<?xml version="1.0" encoding="UTF-8"?>
<testsuite xmlns:xsi="http://www.w3.org/2001/XMLSchema-instance" xsi:noNamespaceSchemaLocation="https://maven.apache.org/surefire/maven-surefire-plugin/xsd/surefire-test-report-3.0.xsd" version="3.0" name="TestSuite" time="18.043" tests="2" errors="0" skipped="0" failures="0">
  <properties>
[...]
</properties>
  <testcase name="verify_account_registration" classname="testCases.TC001_AccountRegistrationTest" time="3.079">
    <system-out><![CDATA[2024-09-06 12:49:08 INFO  TC001_AccountRegistrationTest:19 - ******Starting TC001_AccountRegistrationTest*****
2024-09-06 12:49:09 INFO  TC001_AccountRegistrationTest:27 - Clicked on my account link
2024-09-06 12:49:10 INFO  TC001_AccountRegistrationTest:29 - Clicked on Register link 
2024-09-06 12:49:10 INFO  TC001_AccountRegistrationTest:33 - Providing customer details 
2024-09-06 12:49:11 INFO  TC001_AccountRegistrationTest:48 - Validating expected message 
2024-09-06 12:49:11 INFO  TC001_AccountRegistrationTest:69 - ******Finished TC001_AccountRegistrationTest*****
]]></system-out>
    <system-err><![CDATA[Sep 06, 2024 12:49:06 PM org.openqa.selenium.devtools.CdpVersionFinder findNearestMatch
WARNING: Unable to find an exact match for CDP version 128, returning the closest version; found: 124; Please update to a Selenium version that supports CDP version 128
]]></system-err>
  </testcase>
  <testcase name="verify_login" classname="testCases.TC002_LoginTest" time="1.592">
    <system-out><![CDATA[2024-09-06 12:49:16 INFO  TC002_LoginTest:18 - Start TC002_LoginTest 
2024-09-06 12:49:17 INFO  TC002_LoginTest:28 - clicked on my account and login button 
2024-09-06 12:49:17 INFO  TC002_LoginTest:34 - passed email  
2024-09-06 12:49:17 INFO  TC002_LoginTest:36 - passed  password 
2024-09-06 12:49:18 INFO  TC002_LoginTest:41 - clicked on login 
2024-09-06 12:49:18 INFO  TC002_LoginTest:55 - Finished TC002_LoginTest 
]]></system-out>
    <system-err><![CDATA[Sep 06, 2024 12:49:14 PM org.openqa.selenium.devtools.CdpVersionFinder findNearestMatch
WARNING: Unable to find an exact match for CDP version 128, returning the closest version; found: 124; Please update to a Selenium version that supports CDP version 128
]]></system-err>
  </testcase>
</testsuite>